0 info it worked if it ends with ok
1 verbose cli [ '/usr/local/bin/node', '/usr/local/bin/npm', 'run', 'test' ]
2 info using npm@3.10.10
3 info using node@v6.11.1
4 verbose run-script [ 'pretest', 'test', 'posttest' ]
5 info lifecycle birdie@1.0.0~pretest: birdie@1.0.0
6 silly lifecycle birdie@1.0.0~pretest: no script for pretest, continuing
7 info lifecycle birdie@1.0.0~test: birdie@1.0.0
8 verbose lifecycle birdie@1.0.0~test: unsafe-perm in lifecycle true
9 verbose lifecycle birdie@1.0.0~test: PATH: /usr/local/lib/node_modules/npm/bin/node-gyp-bin:/Volumes/Data/Dropbox/Development/UI_elements/node_modules/.bin:/usr/bin:/bin:/usr/sbin:/sbin:/usr/local/bin
10 verbose lifecycle birdie@1.0.0~test: CWD: /Volumes/Data/Dropbox/Development/UI_elements
11 silly lifecycle birdie@1.0.0~test: Args: [ '-c', 'webpack && webpack-dev-server' ]
12 silly lifecycle birdie@1.0.0~test: Returned: code: 1  signal: null
13 info lifecycle birdie@1.0.0~test: Failed to exec test script
14 verbose stack Error: birdie@1.0.0 test: `webpack && webpack-dev-server`
14 verbose stack Exit status 1
14 verbose stack     at EventEmitter.<anonymous> (/usr/local/lib/node_modules/npm/lib/utils/lifecycle.js:255:16)
14 verbose stack     at emitTwo (events.js:106:13)
14 verbose stack     at EventEmitter.emit (events.js:191:7)
14 verbose stack     at ChildProcess.<anonymous> (/usr/local/lib/node_modules/npm/lib/utils/spawn.js:40:14)
14 verbose stack     at emitTwo (events.js:106:13)
14 verbose stack     at ChildProcess.emit (events.js:191:7)
14 verbose stack     at maybeClose (internal/child_process.js:891:16)
14 verbose stack     at Process.ChildProcess._handle.onexit (internal/child_process.js:226:5)
15 verbose pkgid birdie@1.0.0
16 verbose cwd /Volumes/Data/Dropbox/Development/UI_elements
17 error Darwin 15.6.0
18 error argv "/usr/local/bin/node" "/usr/local/bin/npm" "run" "test"
19 error node v6.11.1
20 error npm  v3.10.10
21 error code ELIFECYCLE
22 error birdie@1.0.0 test: `webpack && webpack-dev-server`
22 error Exit status 1
23 error Failed at the birdie@1.0.0 test script 'webpack && webpack-dev-server'.
23 error Make sure you have the latest version of node.js and npm installed.
23 error If you do, this is most likely a problem with the birdie package,
23 error not with npm itself.
23 error Tell the author that this fails on your system:
23 error     webpack && webpack-dev-server
23 error You can get information on how to open an issue for this project with:
23 error     npm bugs birdie
23 error Or if that isn't available, you can get their info via:
23 error     npm owner ls birdie
23 error There is likely additional logging output above.
24 verbose exit [ 1, true ]
